<?xml version="1.0"?>
<!DOCTYPE coverage SYSTEM "http://cobertura.sourceforge.net/xml/coverage-04.dtd">

<coverage line-rate="0.0" branch-rate="0.0" lines-covered="0" lines-valid="36207" branches-covered="0" branches-valid="14346" complexity="0.0" version="1.9.4.1" timestamp="1349313604413">
	<sources>
	</sources>
	<packages>
		<package name="edu.rice.cs.drjava" line-rate="0.0" branch-rate="0.0" complexity="0.0">
			<classes>
				<class name="edu.rice.cs.drjava.CodeStatus" filename="edu/rice/cs/drjava/CodeStatus.java" line-rate="0.0" branch-rate="1.0" complexity="0.0">
					<lines>
						<line number="107" hits="0" branch="false"/>
						<line number="108" hits="0" branch="false"/>
						<line number="112" hits="0" branch="false"/>
					</lines>
				</class>
			</classes>
		</package>

		<package name="edu.rice.cs.drchapatin" line-rate="0.0" branch-rate="0.0" complexity="0.0">
			<classes>
				<class name="edu.rice.cs.drjava.NoMasDePapas" filename="edu/rice/cs/drjava/CodeStatus.java" line-rate="0.0" branch-rate="1.0" complexity="0.0">
					<lines>
						<line number="555" hits="3" branch="false"/>
						<line number="666" hits="2" branch="false"/>
						<line number="777" hits="1" branch="false"/>
					</lines>
				</class>
			</classes>
		</package>
	<package name="edu.rice.cs.drjava2" line-rate="0.0" branch-rate="0.0" complexity="0.0">
			<classes>
				<class name="edu.rice.cs.drjava.CodeStatus" filename="edu/rice/cs/drjava/CodeStatus.java" line-rate="0.0" branch-rate="1.0" complexity="0.0">
					<lines>
						<line number="107" hits="0" branch="false"/>
						<line number="108" hits="0" branch="false"/>
						<line number="112" hits="0" branch="false"/>
					</lines>
				</class>
			</classes>
		</package>

		<package name="edu.rice.cs.drchapatin2" line-rate="0.0" branch-rate="0.0" complexity="0.0">
			<classes>
				<class name="edu.rice.cs.drjava.NoMasDePapas" filename="edu/rice/cs/drjava/CodeStatus.java" line-rate="0.0" branch-rate="1.0" complexity="0.0">
					<lines>
						<line number="555" hits="3" branch="false"/>
						<line number="666" hits="2" branch="false"/>
						<line number="777" hits="1" branch="false"/>
					</lines>
				</class>
			</classes>
		</package>
		<package name="edu.rice.cs.drjava3" line-rate="0.0" branch-rate="0.0" complexity="0.0">
			<classes>
				<class name="edu.rice.cs.drjava.CodeStatus" filename="edu/rice/cs/drjava/CodeStatus.java" line-rate="0.0" branch-rate="1.0" complexity="0.0">
					<lines>
						<line number="107" hits="0" branch="false"/>
						<line number="108" hits="0" branch="false"/>
						<line number="112" hits="0" branch="false"/>
					</lines>
				</class>
			</classes>
		</package>

		<package name="edu.rice.cs.drchapatin3" line-rate="0.0" branch-rate="0.0" complexity="0.0">
			<classes>
				<class name="edu.rice.cs.drjava.NoMasDePapas" filename="edu/rice/cs/drjava/CodeStatus.java" line-rate="0.0" branch-rate="1.0" complexity="0.0">
					<lines>
						<line number="555" hits="3" branch="false"/>
						<line number="666" hits="2" branch="false"/>
						<line number="777" hits="1" branch="false"/>
					</lines>
				</class>
			</classes>
		</package>
	</packages>
</coverage>
